Unable to capture context for thread 2928 in process 11328, can not generate back trace
Unable to capture context for thread 12360 in process 11328, can not generate back trace
Unable to capture context for thread 10436 in process 11328, can not generate back trace
Exception at PC 0x00007FFAE78ACF19
Unable to capture context for thread 3408 in process 11328, can not generate back trace
Exception at PC 0x00007FFAA204BB93
Printing stacktrace...

Unable to capture context for thread 3408 in process 11328, can not generate back trace
Exception at PC 0x00007FFAE78ACF19
Exception at PC 0x00007FFAE78ACF19
Exception at PC 0x00007FFAE78ACF19
Exception at PC 0x00007FFAE78ACF19
Exception at PC 0x00007FFAE78ACF19
Exception at PC 0x00007FFAE78ACF19
Exception at PC 0x00007FFAE78ACF19
Exception at PC 0x00007FFAE78ACF19
Exception at PC 0x00007FFAE78ACF19
Exception at PC 0x00007FFAE78ACF19
Exception at PC 0x00007FFAE78ACF19
[0]  [0x00007FFAA204BB93]
[1]  [0x00007FFAA204BB93]
[2]  [0x00007FFAA204B4A1]
[3]  [0x00007FFAA204B3EF]
[4]  [0x00007FFAA20319FE]
[5]  [0x00007FFAA2030ED1]
[6]  [0x00007FFAA2030D76]
[7]  [0x00007FFAA1FD79F6]
[8]  [0x00007FFAA1FC7AFB]
[9]  [0x00007FFAA20EE90A]
[10]  [0x00007FFAA2109F87]
[11]  [0x00007FFAA210A05F]
[12] (BaseThreadInitThunk+0x14) [0x00007FFAE9687344]
[13] (RtlUserThreadStart+0x21) [0x00007FFAE9FE26B1]
Done
Exception at PC 0x00007FFAE78ACF19
Exception at PC 0x00007FFAE78ACF19
Exception at PC 0x00007FFAE78ACF19
Exception at PC 0x00007FFAE78ACF19
Exception at PC 0x00007FFAE78ACF19
Exception at PC 0x00007FFAE78ACF19
